\BOOKMARK [0][-]{chapter.1}{\376\377\000C\001\240\000\040\000S\036\336\000\040\000L\000\335\000\040\000T\000H\000U\000Y\036\276\000T}{}% 1
\BOOKMARK [1][-]{section.1.1}{\376\377\000T\036\324\000N\000G\000\040\000Q\000U\000A\000N\000\040\000V\036\300\000\040\000T\000R\000\315\000\040\000T\000U\036\306\000\040\000N\000H\000\302\000N\000\040\000T\036\240\000O}{chapter.1}% 2
\BOOKMARK [2][-]{subsection.1.1.1}{\376\377\000K\000H\000\301\000I\000\040\000N\000I\036\306\000M}{section.1.1}% 3
\BOOKMARK [2][-]{subsection.1.1.2}{\376\377\000Q\000U\000\301\000\040\000T\000R\000\314\000N\000H}{section.1.1}% 4
\BOOKMARK [1][-]{section.1.2}{\376\377\000T\036\324\000N\000G\000\040\000Q\000U\000A\000N\000\040\000V\036\300\000\040\000T\001\257\001\240\000N\000G\000\040\000T\000\301\000C\000\040\000N\000G\001\257\036\334\000I\000\040\000M\000\301\000Y}{chapter.1}% 5
\BOOKMARK [2][-]{subsection.1.2.1}{\376\377\000K\000H\000\301\000I\000\040\000N\000I\036\306\000M}{section.1.2}% 6
\BOOKMARK [2][-]{subsection.1.2.2}{\376\377\000Q\000U\000\301\000\040\000T\000R\000\314\000N\000H}{section.1.2}% 7
\BOOKMARK [0][-]{chapter.2}{\376\377\000C\000\324\000N\000G\000\040\000C\036\344\000\040\000T\000H\036\360\000C\000\040\000H\000I\036\306\000N}{}% 8
\BOOKMARK [1][-]{section.2.1}{\376\377\000P\000A\000G\000E\000S\000P\000E\000E\000D\000\040\000I\000N\000S\000I\000G\000H\000T\000S\000\040\000G\000O\000O\000G\000L\000E}{chapter.2}% 9
\BOOKMARK [2][-]{subsection.2.1.1}{\376\377\000T\036\325\000n\000g\000\040\000q\000u\000a\000n\000\040\000v\036\301\000\040\000P\000a\000g\000e\000s\000p\000e\000e\000d\000\040\000I\000n\000s\000i\000g\000h\000t\000s\000\040\000G\000o\000o\000g\000l\000e}{section.2.1}% 10
\BOOKMARK [1][-]{section.2.2}{\376\377\000P\000A\000G\000E\000S\000P\000E\000E\000D\000\040\000I\000N\000S\000I\000G\000H\000T\000S\000\040\000G\000O\000O\000G\000L\000E}{chapter.2}% 11
\BOOKMARK [2][-]{subsection.2.2.1}{\376\377\000T\036\325\000n\000g\000\040\000q\000u\000a\000n\000\040\000v\036\301\000\040\000P\000a\000g\000e\000s\000p\000e\000e\000d\000\040\000I\000n\000s\000i\000g\000h\000t\000s\000\040\000G\000o\000o\000g\000l\000e}{section.2.2}% 12
\BOOKMARK [1][-]{section.2.3}{\376\377\000P\000A\000G\000E\000S\000P\000E\000E\000D\000\040\000I\000N\000S\000I\000G\000H\000T\000S\000\040\000G\000O\000O\000G\000L\000E}{chapter.2}% 13
\BOOKMARK [2][-]{subsection.2.3.1}{\376\377\000T\036\325\000n\000g\000\040\000q\000u\000a\000n\000\040\000v\036\301\000\040\000P\000a\000g\000e\000s\000p\000e\000e\000d\000\040\000I\000n\000s\000i\000g\000h\000t\000s\000\040\000G\000o\000o\000g\000l\000e}{section.2.3}% 14
\BOOKMARK [0][-]{chapter.3}{\376\377\000N\036\330\000I\000\040\000D\000U\000N\000G\000\040\000N\000G\000H\000I\000\312\000N\000\040\000C\036\350\000U}{}% 15
\BOOKMARK [1][-]{section.3.1}{\376\377\000T\000i\000\352\000u\000\040\000c\000h\000u\036\251\000n\000\040\000C\000M\000M\000I}{chapter.3}% 16
\BOOKMARK [2][-]{subsection.3.1.1}{\376\377\000C\000M\000M\000I\000\040\000l\000\340\000\040\000g\000\354\000?}{section.3.1}% 17
\BOOKMARK [1][-]{section.3.2}{\376\377\000T\000i\000\352\000u\000\040\000c\000h\000u\036\251\000n\000\040\000C\000M\000M\000I}{chapter.3}% 18
\BOOKMARK [2][-]{subsection.3.2.1}{\376\377\000C\000M\000M\000I\000\040\000l\000\340\000\040\000g\000\354\000?}{section.3.2}% 19
\BOOKMARK [1][-]{section.3.3}{\376\377\000T\000i\000\352\000u\000\040\000c\000h\000u\036\251\000n\000\040\000C\000M\000M\000I}{chapter.3}% 20
\BOOKMARK [2][-]{subsection.3.3.1}{\376\377\000C\000M\000M\000I\000\040\000l\000\340\000\040\000g\000\354\000?}{section.3.3}% 21
\BOOKMARK [0][-]{chapter.4}{\376\377\000K\036\276\000T\000\040\000Q\000U\036\242\000\040\000T\000H\036\360\000C\000\040\000H\000I\036\306\000N}{}% 22
\BOOKMARK [1][-]{section.4.1}{\376\377\000T\036\255\000p\000\040\000d\036\357\000\040\000l\000i\036\307\000u\000\040\001\021\001\260\036\343\000c\000\040\000s\036\355\000\040\000d\036\345\000n\000g\000\040\001\021\036\303\000\040\000h\000u\036\245\000n\000\040\000l\000u\000y\036\307\000n}{chapter.4}% 23
\BOOKMARK [1][-]{section.4.2}{\376\377\000T\000h\036\361\000c\000\040\000n\000g\000h\000i\036\307\000m}{chapter.4}% 24
\BOOKMARK [2][-]{subsection.4.2.1}{\376\377\000X\036\355\000\040\000l\000\355\000\040\000d\036\357\000\040\000l\000i\036\307\000u}{section.4.2}% 25
\BOOKMARK [0][-]{chapter.5}{\376\377\000K\036\276\000T\000\040\000L\000U\036\254\000N}{}% 26
\BOOKMARK [1][-]{section.5.1}{\376\377\000K\036\277\000t\000\040\000q\000u\036\243\000\040\001\021\036\241\000t\000\040\001\021\001\260\036\343\000c}{chapter.5}% 27
\BOOKMARK [1][-]{section.5.2}{\376\377\000H\036\241\000n\000\040\000c\000h\036\277\000\040\000k\000h\000\363\000\040\000k\000h\001\003\000n}{chapter.5}% 28
\BOOKMARK [1][-]{section.5.3}{\376\377\000H\001\260\036\333\000n\000g\000\040\000p\000h\000\341\000t\000\040\000t\000r\000i\036\303\000n}{chapter.5}% 29
